\BOOKMARK [0][]{chapter.1}{\376\377\0001\000\040\176\352\213\272}{}% 1
\BOOKMARK [1][]{section.1.1}{\376\377\0001\000.\0001\000\040\220\011\230\230\200\314\146\157\123\312\141\017\116\111}{chapter.1}% 2
\BOOKMARK [1][]{section.1.2}{\376\377\0001\000.\0002\000\040\227\142\116\064\166\204\225\356\230\230\116\016\170\024\172\166\121\205\133\271}{chapter.1}% 3
\BOOKMARK [1][]{section.1.3}{\376\377\0001\000.\0003\000\040\213\272\145\207\176\304\176\307\176\323\147\204}{chapter.1}% 4
\BOOKMARK [1][]{section.1.4}{\376\377\0001\000.\0004\000\040\213\244\167\345\145\340\176\277\165\065\201\352\176\304\177\121\123\321\134\125\163\260\162\266}{chapter.1}% 5
\BOOKMARK [2][]{subsection.1.4.1}{\376\377\0001\000.\0004\000.\0001\000\040\213\244\167\345\145\340\176\277\165\065\177\121\176\334\147\266\147\204}{section.1.4}% 6
\BOOKMARK [2][]{subsection.1.4.2}{\376\377\0001\000.\0004\000.\0002\000\040\141\037\167\345\133\146\116\140\217\307\172\013}{section.1.4}% 7
\BOOKMARK [2][]{subsection.1.4.3}{\376\377\0001\000.\0004\000.\0003\000\040\202\202\160\271\116\244\117\032\217\307\172\013}{section.1.4}% 8
\BOOKMARK [2][]{subsection.1.4.4}{\376\377\0001\000.\0004\000.\0004\000\040\142\323\142\121\123\321\163\260\217\307\172\013}{section.1.4}% 9
\BOOKMARK [2][]{subsection.1.4.5}{\376\377\0001\000.\0004\000.\0005\000\040\215\357\165\061\123\321\163\260\116\016\145\160\143\156\117\040\217\223\217\307\172\013}{section.1.4}% 10
\BOOKMARK [1][]{section.1.5}{\376\377\0001\000.\0005\000\040\213\244\167\345\201\352\176\304\177\121\121\163\225\056\173\227\154\325\123\321\134\125}{chapter.1}% 11
\BOOKMARK [2][]{subsection.1.5.1}{\376\377\0001\000.\0005\000.\0001\000\040\230\221\214\061\141\037\167\345}{section.1.5}% 12
\BOOKMARK [2][]{subsection.1.5.2}{\376\377\0001\000.\0005\000.\0002\000\040\230\221\214\061\121\263\173\126}{section.1.5}% 13
\BOOKMARK [2][]{subsection.1.5.3}{\376\377\0001\000.\0005\000.\0003\000\040\230\221\214\061\121\161\116\253}{section.1.5}% 14
\BOOKMARK [2][]{subsection.1.5.4}{\376\377\0001\000.\0005\000.\0004\000\040\230\221\214\061\171\373\122\250}{section.1.5}% 15
\BOOKMARK [2][]{subsection.1.5.5}{\376\377\0001\000.\0005\000.\0005\000\040\215\357\165\061\123\117\213\256}{section.1.5}% 16
\BOOKMARK [0][]{chapter.2}{\376\377\0002\000\040\213\244\167\345\201\352\176\304\177\121\173\227\154\325}{}% 17
\BOOKMARK [1][]{section.2.1}{\376\377\0002\000.\0001\000\040\174\373\176\337\136\372\152\041}{chapter.2}% 18
\BOOKMARK [2][]{subsection.2.1.1}{\376\377\0002\000.\0001\000.\0001\000\040\116\073\165\050\142\067\210\114\116\072\136\372\152\041}{section.2.1}% 19
\BOOKMARK [2][]{subsection.2.1.2}{\376\377\0002\000.\0001\000.\0002\000\040\213\244\167\345\165\050\142\067\210\114\116\072\136\372\152\041}{section.2.1}% 20
\BOOKMARK [1][]{section.2.2}{\376\377\0002\000.\0002\000\040\160\271\133\371\160\271\202\202\160\271\116\244\117\032\173\227\154\325}{chapter.2}% 21
\BOOKMARK [1][]{section.2.3}{\376\377\0002\000.\0003\000\040\142\323\142\121\123\321\163\260\217\307\172\013}{chapter.2}% 22
\BOOKMARK [2][]{subsection.2.3.1}{\376\377\0002\000.\0003\000.\0001\000\040\165\050\142\067\122\035\131\313\123\026}{section.2.3}% 23
\BOOKMARK [2][]{subsection.2.3.2}{\376\377\0002\000.\0003\000.\0002\000\040\202\202\160\271\116\244\117\032}{section.2.3}% 24
\BOOKMARK [2][]{subsection.2.3.3}{\376\377\0002\000.\0003\000.\0003\000\040\142\020\174\007}{section.2.3}% 25
\BOOKMARK [2][]{subsection.2.3.4}{\376\377\0002\000.\0003\000.\0004\000\040\147\000\167\355\142\323\142\121\123\321\163\260}{section.2.3}% 26
\BOOKMARK [1][]{section.2.4}{\376\377\0002\000.\0004\000\040\215\357\165\061\173\227\154\325}{chapter.2}% 27
\BOOKMARK [2][]{subsection.2.4.1}{\376\377\0002\000.\0004\000.\0001\000\040\143\011\227\000\215\357\165\061\123\117\213\256}{section.2.4}% 28
\BOOKMARK [2][]{subsection.2.4.2}{\376\377\0002\000.\0004\000.\0002\000\040\121\110\232\214\215\357\165\061\123\117\213\256}{section.2.4}% 29
\BOOKMARK [1][]{section.2.5}{\376\377\0002\000.\0005\000\040\145\160\143\156\117\040\220\001}{chapter.2}% 30
\BOOKMARK [0][]{chapter.3}{\376\377\0003\000\040\116\377\167\037\176\323\147\234\122\006\147\220}{}% 31
\BOOKMARK [1][]{section.3.1}{\376\377\0003\000.\0001\000\040\176\304\177\121\145\366\225\364}{chapter.3}% 32
\BOOKMARK [2][]{subsection.3.1.1}{\376\377\0003\000.\0001\000.\0001\000\040\220\032\117\341\123\112\137\204\166\204\137\161\124\315}{section.3.1}% 33
\BOOKMARK [2][]{subsection.3.1.2}{\376\377\0003\000.\0001\000.\0002\000\040\213\244\167\345\213\276\131\007\145\160\166\356\116\016\116\073\165\050\142\067\145\160\166\356\166\204\137\161\124\315}{section.3.1}% 34
\BOOKMARK [2][]{subsection.3.1.3}{\376\377\0003\000.\0001\000.\0003\000\040\116\073\165\050\142\067\123\330\123\026\151\202\163\207\166\204\137\161\124\315}{section.3.1}% 35
\BOOKMARK [1][]{section.3.2}{\376\377\0003\000.\0002\000\040\176\304\177\121\142\020\122\237\163\207}{chapter.3}% 36
\BOOKMARK [1][]{section.3.3}{\376\377\0003\000.\0003\000\040\177\121\176\334\120\145\130\356\140\047}{chapter.3}% 37
\BOOKMARK [1][]{section.3.4}{\376\377\0003\000.\0004\000\040\215\357\165\061\116\016\145\160\143\156\117\040\220\001\140\047\200\375}{chapter.3}% 38
\BOOKMARK [2][]{subsection.3.4.1}{\376\377\0003\000.\0004\000.\0001\000\040\123\357\165\050\215\357\165\061\145\160\166\356}{section.3.4}% 39
\BOOKMARK [2][]{subsection.3.4.2}{\376\377\0003\000.\0004\000.\0002\000\040\177\121\176\334\136\163\127\107\133\377\124\175}{section.3.4}% 40
\BOOKMARK [2][]{subsection.3.4.3}{\376\377\0003\000.\0004\000.\0003\000\040\117\040\220\001\145\160\143\156\174\173\127\213}{section.3.4}% 41
\BOOKMARK [1][]{section.3.5}{\376\377\0003\000.\0005\000\040\142\323\142\121\123\321\163\260\166\204\123\346\116\000\171\315\145\271\150\110}{chapter.3}% 42
\BOOKMARK [2][]{subsection.3.5.1}{\376\377\0003\000.\0005\000.\0001\000\040\142\020\174\007}{section.3.5}% 43
\BOOKMARK [0][]{chapter.4}{\376\377\0004\000\040\140\073\176\323\116\016\134\125\147\033}{}% 44
\BOOKMARK [0][]{section*.2}{\376\377\123\302\200\003\145\207\163\056}{}% 45
\BOOKMARK [0][]{section*.4}{\376\377\201\364\000\040\214\042}{}% 46
\BOOKMARK [0][]{section*.7}{\376\377\226\104\000\040\137\125}{}% 47
\BOOKMARK [1][]{section*.8}{\376\377\226\104\137\125\0001\000\040\177\051\165\145\213\355\210\150}{section*.7}% 48
\BOOKMARK [1][]{section*.9}{\376\377\226\104\137\125\0002\000\040\145\160\133\146\173\046\123\367}{section*.7}% 49
